<?xml version="1.0" encoding="UTF-8"?>
<testsuite xmlns:xsi="http://www.w3.org/2001/XMLSchema-instance" xsi:noNamespaceSchemaLocation="https://maven.apache.org/surefire/maven-surefire-plugin/xsd/surefire-test-report.xsd" name="com.yz.learn.companyframe.CompanyFrameApplicationTests" time="9.188" tests="2" errors="0" skipped="0" failures="0">
  <properties>
[...]
</properties>
  <testcase name="testJwt" classname="com.yz.learn.companyframe.CompanyFrameApplicationTests" time="0.443"/>
  <testcase name="contextLoads" classname="com.yz.learn.companyframe.CompanyFrameApplicationTests" time="0.865"/>
</testsuite>